<?xml version="1.0" encoding="UTF-8" ?>
<testsuite errors="0" failures="1" hostname="DESKTOP-BL4QVCC" name="PrintCalendar_cdy.PrintCalendarTest1" skipped="0" tests="3" time="0.04" timestamp="2020-08-08T14:09:42">
  <properties>
[...]
</properties>
  <testcase classname="PrintCalendar_cdy.PrintCalendarTest1" name="testGetNumberOfDaysInMonth" time="0.0" />
  <testcase classname="PrintCalendar_cdy.PrintCalendarTest1" name="testGetMonthName" time="0.0" />
  <testcase classname="PrintCalendar_cdy.PrintCalendarTest1" name="testIsLeapYear" time="0.003">
    <failure message="expected:&lt;false&gt; but was:&lt;true&gt;" type="junit.framework.AssertionFailedError">junit.framework.AssertionFailedError: expected:&lt;false&gt; but was:&lt;true&gt;
	at PrintCalendar_cdy.PrintCalendarTest1.testIsLeapYear(PrintCalendarTest1.java:24)
</failure>
  </testcase>
  <system-out><![CDATA[]]></system-out>
  <system-err><![CDATA[]]></system-err>
</testsuite>
